Determining if the pthread_create exist failed with the following output:
Change Dir: /home/alessandro/Dokumente/Übungen/computergrafik/computergraphics/assignment_9/cmake-build-debug/CMakeFiles/CMakeTmp

Run Build Command:"/usr/bin/make" "cmTC_10daa/fast"
/usr/bin/make -f CMakeFiles/cmTC_10daa.dir/build.make CMakeFiles/cmTC_10daa.dir/build
make[1]: Verzeichnis „/home/alessandro/Dokumente/Übungen/computergrafik/computergraphics/assignment_9/cmake-build-debug/CMakeFiles/CMakeTmp“ wird betreten
Building C object CMakeFiles/cmTC_10daa.dir/CheckSymbolExists.c.o
/usr/bin/cc    -o CMakeFiles/cmTC_10daa.dir/CheckSymbolExists.c.o   -c /home/alessandro/Dokumente/Übungen/computergrafik/computergraphics/assignment_9/cmake-build-debug/CMakeFiles/CMakeTmp/CheckSymbolExists.c
Linking C executable cmTC_10daa
/home/alessandro/clion-2018.2.5/bin/cmake/linux/bin/cmake -E cmake_link_script CMakeFiles/cmTC_10daa.dir/link.txt --verbose=1
/usr/bin/cc      -rdynamic CMakeFiles/cmTC_10daa.dir/CheckSymbolExists.c.o  -o cmTC_10daa 
CMakeFiles/cmTC_10daa.dir/CheckSymbolExists.c.o: In Funktion »main«:
CheckSymbolExists.c:(.text+0x1b): Warnung: undefinierter Verweis auf »pthread_create«
collect2: error: ld returned 1 exit status
CMakeFiles/cmTC_10daa.dir/build.make:86: recipe for target 'cmTC_10daa' failed
make[1]: *** [cmTC_10daa] Error 1
make[1]: Verzeichnis „/home/alessandro/Dokumente/Übungen/computergrafik/computergraphics/assignment_9/cmake-build-debug/CMakeFiles/CMakeTmp“ wird verlassen
Makefile:121: recipe for target 'cmTC_10daa/fast' failed
make: *** [cmTC_10daa/fast] Error 2

File /home/alessandro/Dokumente/Übungen/computergrafik/computergraphics/assignment_9/cmake-build-debug/CMakeFiles/CMakeTmp/CheckSymbolExists.c:
/* */
#include <pthread.h>

int main(int argc, char** argv)
{
  (void)argv;
#ifndef pthread_create
  return ((int*)(&pthread_create))[argc];
#else
  (void)argc;
  return 0;
#endif
}

Determining if the function pthread_create exists in the pthreads failed with the following output:
Change Dir: /home/alessandro/Dokumente/Übungen/computergrafik/computergraphics/assignment_9/cmake-build-debug/CMakeFiles/CMakeTmp

Run Build Command:"/usr/bin/make" "cmTC_be2e6/fast"
/usr/bin/make -f CMakeFiles/cmTC_be2e6.dir/build.make CMakeFiles/cmTC_be2e6.dir/build
make[1]: Verzeichnis „/home/alessandro/Dokumente/Übungen/computergrafik/computergraphics/assignment_9/cmake-build-debug/CMakeFiles/CMakeTmp“ wird betreten
Building C object CMakeFiles/cmTC_be2e6.dir/CheckFunctionExists.c.o
/usr/bin/cc   -DCHECK_FUNCTION_EXISTS=pthread_create   -o CMakeFiles/cmTC_be2e6.dir/CheckFunctionExists.c.o   -c /home/alessandro/clion-2018.2.5/bin/cmake/linux/share/cmake-3.12/Modules/CheckFunctionExists.c
Linking C executable cmTC_be2e6
/home/alessandro/clion-2018.2.5/bin/cmake/linux/bin/cmake -E cmake_link_script CMakeFiles/cmTC_be2e6.dir/link.txt --verbose=1
/usr/bin/cc  -DCHECK_FUNCTION_EXISTS=pthread_create    -rdynamic CMakeFiles/cmTC_be2e6.dir/CheckFunctionExists.c.o  -o cmTC_be2e6 -lpthreads 
/usr/bin/ld: -lpthreads kann nicht gefunden werden
collect2: error: ld returned 1 exit status
CMakeFiles/cmTC_be2e6.dir/build.make:86: recipe for target 'cmTC_be2e6' failed
make[1]: *** [cmTC_be2e6] Error 1
make[1]: Verzeichnis „/home/alessandro/Dokumente/Übungen/computergrafik/computergraphics/assignment_9/cmake-build-debug/CMakeFiles/CMakeTmp“ wird verlassen
Makefile:121: recipe for target 'cmTC_be2e6/fast' failed
make: *** [cmTC_be2e6/fast] Error 2


