Determining if the pthread_create exist failed with the following output:
Change Dir: /home/alessandro/Dokumente/Übungen/computergrafik/computergraphics/Shadows and Cube Mapping/cmake-build-debug/CMakeFiles/CMakeTmp

Run Build Command:"/usr/bin/make" "cmTC_8e2d5/fast"
/usr/bin/make -f CMakeFiles/cmTC_8e2d5.dir/build.make CMakeFiles/cmTC_8e2d5.dir/build
make[1]: Verzeichnis „/home/alessandro/Dokumente/Übungen/computergrafik/computergraphics/Shadows and Cube Mapping/cmake-build-debug/CMakeFiles/CMakeTmp“ wird betreten
Building C object CMakeFiles/cmTC_8e2d5.dir/CheckSymbolExists.c.o
/usr/bin/cc    -o CMakeFiles/cmTC_8e2d5.dir/CheckSymbolExists.c.o   -c "/home/alessandro/Dokumente/Übungen/computergrafik/computergraphics/Shadows and Cube Mapping/cmake-build-debug/CMakeFiles/CMakeTmp/CheckSymbolExists.c"
Linking C executable cmTC_8e2d5
/home/alessandro/clion-2018.2.5/bin/cmake/linux/bin/cmake -E cmake_link_script CMakeFiles/cmTC_8e2d5.dir/link.txt --verbose=1
/usr/bin/cc      -rdynamic CMakeFiles/cmTC_8e2d5.dir/CheckSymbolExists.c.o  -o cmTC_8e2d5 
CMakeFiles/cmTC_8e2d5.dir/CheckSymbolExists.c.o: In Funktion »main«:
CheckSymbolExists.c:(.text+0x1b): Warnung: undefinierter Verweis auf »pthread_create«
collect2: error: ld returned 1 exit status
CMakeFiles/cmTC_8e2d5.dir/build.make:86: recipe for target 'cmTC_8e2d5' failed
make[1]: *** [cmTC_8e2d5] Error 1
make[1]: Verzeichnis „/home/alessandro/Dokumente/Übungen/computergrafik/computergraphics/Shadows and Cube Mapping/cmake-build-debug/CMakeFiles/CMakeTmp“ wird verlassen
Makefile:121: recipe for target 'cmTC_8e2d5/fast' failed
make: *** [cmTC_8e2d5/fast] Error 2

File /home/alessandro/Dokumente/Übungen/computergrafik/computergraphics/Shadows and Cube Mapping/cmake-build-debug/CMakeFiles/CMakeTmp/CheckSymbolExists.c:
/* */
#include <pthread.h>

int main(int argc, char** argv)
{
  (void)argv;
#ifndef pthread_create
  return ((int*)(&pthread_create))[argc];
#else
  (void)argc;
  return 0;
#endif
}

Determining if the function pthread_create exists in the pthreads failed with the following output:
Change Dir: /home/alessandro/Dokumente/Übungen/computergrafik/computergraphics/Shadows and Cube Mapping/cmake-build-debug/CMakeFiles/CMakeTmp

Run Build Command:"/usr/bin/make" "cmTC_cfbee/fast"
/usr/bin/make -f CMakeFiles/cmTC_cfbee.dir/build.make CMakeFiles/cmTC_cfbee.dir/build
make[1]: Verzeichnis „/home/alessandro/Dokumente/Übungen/computergrafik/computergraphics/Shadows and Cube Mapping/cmake-build-debug/CMakeFiles/CMakeTmp“ wird betreten
Building C object CMakeFiles/cmTC_cfbee.dir/CheckFunctionExists.c.o
/usr/bin/cc   -DCHECK_FUNCTION_EXISTS=pthread_create   -o CMakeFiles/cmTC_cfbee.dir/CheckFunctionExists.c.o   -c /home/alessandro/clion-2018.2.5/bin/cmake/linux/share/cmake-3.12/Modules/CheckFunctionExists.c
Linking C executable cmTC_cfbee
/home/alessandro/clion-2018.2.5/bin/cmake/linux/bin/cmake -E cmake_link_script CMakeFiles/cmTC_cfbee.dir/link.txt --verbose=1
/usr/bin/cc  -DCHECK_FUNCTION_EXISTS=pthread_create    -rdynamic CMakeFiles/cmTC_cfbee.dir/CheckFunctionExists.c.o  -o cmTC_cfbee -lpthreads 
/usr/bin/ld: -lpthreads kann nicht gefunden werden
collect2: error: ld returned 1 exit status
CMakeFiles/cmTC_cfbee.dir/build.make:86: recipe for target 'cmTC_cfbee' failed
make[1]: *** [cmTC_cfbee] Error 1
make[1]: Verzeichnis „/home/alessandro/Dokumente/Übungen/computergrafik/computergraphics/Shadows and Cube Mapping/cmake-build-debug/CMakeFiles/CMakeTmp“ wird verlassen
Makefile:121: recipe for target 'cmTC_cfbee/fast' failed
make: *** [cmTC_cfbee/fast] Error 2


