Determining if the pthread_create exist failed with the following output:
Change Dir: /home/alessandro/Dokumente/Übungen/computergrafik/computergraphics/Lindenmayer-Systems/cmake-build-debug/CMakeFiles/CMakeTmp

Run Build Command:"/usr/bin/make" "cmTC_cb9c9/fast"
/usr/bin/make -f CMakeFiles/cmTC_cb9c9.dir/build.make CMakeFiles/cmTC_cb9c9.dir/build
make[1]: Verzeichnis „/home/alessandro/Dokumente/Übungen/computergrafik/computergraphics/Lindenmayer-Systems/cmake-build-debug/CMakeFiles/CMakeTmp“ wird betreten
Building C object CMakeFiles/cmTC_cb9c9.dir/CheckSymbolExists.c.o
/usr/bin/cc    -o CMakeFiles/cmTC_cb9c9.dir/CheckSymbolExists.c.o   -c /home/alessandro/Dokumente/Übungen/computergrafik/computergraphics/Lindenmayer-Systems/cmake-build-debug/CMakeFiles/CMakeTmp/CheckSymbolExists.c
Linking C executable cmTC_cb9c9
/home/alessandro/clion-2018.2.5/bin/cmake/linux/bin/cmake -E cmake_link_script CMakeFiles/cmTC_cb9c9.dir/link.txt --verbose=1
/usr/bin/cc      -rdynamic CMakeFiles/cmTC_cb9c9.dir/CheckSymbolExists.c.o  -o cmTC_cb9c9 
CMakeFiles/cmTC_cb9c9.dir/CheckSymbolExists.c.o: In Funktion »main«:
CheckSymbolExists.c:(.text+0x1b): Warnung: undefinierter Verweis auf »pthread_create«
collect2: error: ld returned 1 exit status
CMakeFiles/cmTC_cb9c9.dir/build.make:86: recipe for target 'cmTC_cb9c9' failed
make[1]: *** [cmTC_cb9c9] Error 1
make[1]: Verzeichnis „/home/alessandro/Dokumente/Übungen/computergrafik/computergraphics/Lindenmayer-Systems/cmake-build-debug/CMakeFiles/CMakeTmp“ wird verlassen
Makefile:121: recipe for target 'cmTC_cb9c9/fast' failed
make: *** [cmTC_cb9c9/fast] Error 2

File /home/alessandro/Dokumente/Übungen/computergrafik/computergraphics/Lindenmayer-Systems/cmake-build-debug/CMakeFiles/CMakeTmp/CheckSymbolExists.c:
/* */
#include <pthread.h>

int main(int argc, char** argv)
{
  (void)argv;
#ifndef pthread_create
  return ((int*)(&pthread_create))[argc];
#else
  (void)argc;
  return 0;
#endif
}

Determining if the function pthread_create exists in the pthreads failed with the following output:
Change Dir: /home/alessandro/Dokumente/Übungen/computergrafik/computergraphics/Lindenmayer-Systems/cmake-build-debug/CMakeFiles/CMakeTmp

Run Build Command:"/usr/bin/make" "cmTC_3c38d/fast"
/usr/bin/make -f CMakeFiles/cmTC_3c38d.dir/build.make CMakeFiles/cmTC_3c38d.dir/build
make[1]: Verzeichnis „/home/alessandro/Dokumente/Übungen/computergrafik/computergraphics/Lindenmayer-Systems/cmake-build-debug/CMakeFiles/CMakeTmp“ wird betreten
Building C object CMakeFiles/cmTC_3c38d.dir/CheckFunctionExists.c.o
/usr/bin/cc   -DCHECK_FUNCTION_EXISTS=pthread_create   -o CMakeFiles/cmTC_3c38d.dir/CheckFunctionExists.c.o   -c /home/alessandro/clion-2018.2.5/bin/cmake/linux/share/cmake-3.12/Modules/CheckFunctionExists.c
Linking C executable cmTC_3c38d
/home/alessandro/clion-2018.2.5/bin/cmake/linux/bin/cmake -E cmake_link_script CMakeFiles/cmTC_3c38d.dir/link.txt --verbose=1
/usr/bin/cc  -DCHECK_FUNCTION_EXISTS=pthread_create    -rdynamic CMakeFiles/cmTC_3c38d.dir/CheckFunctionExists.c.o  -o cmTC_3c38d -lpthreads 
/usr/bin/ld: -lpthreads kann nicht gefunden werden
collect2: error: ld returned 1 exit status
CMakeFiles/cmTC_3c38d.dir/build.make:86: recipe for target 'cmTC_3c38d' failed
make[1]: *** [cmTC_3c38d] Error 1
make[1]: Verzeichnis „/home/alessandro/Dokumente/Übungen/computergrafik/computergraphics/Lindenmayer-Systems/cmake-build-debug/CMakeFiles/CMakeTmp“ wird verlassen
Makefile:121: recipe for target 'cmTC_3c38d/fast' failed
make: *** [cmTC_3c38d/fast] Error 2


